<?xml version="1.0" encoding="UTF-8"?>
<!-- Generated by org.testng.reporters.JUnitReportReporter -->
<testsuite hostname="LAPTOP-A3F9S563" failures="0" tests="1" name="request.update" time="0.688" errors="0" timestamp="2020-12-30T15:34:23 IST" skipped="0">
  <testcase classname="request.update" name="update" time="0.688"/>
  <system-out/>
</testsuite> <!-- request.update -->
