<?xml version="1.0" encoding="UTF-8"?>
<!-- Generated by org.testng.reporters.JUnitReportReporter -->
<testsuite hostname="LAPTOP-A3F9S563" failures="0" tests="2" name="request.postwithexcel" time="5.778" errors="0" timestamp="2020-11-20T12:40:48 IST" skipped="0">
  <testcase classname="request.postwithexcel" name="setdata" time="2.889"/>
  <system-out/>
  <testcase classname="request.postwithexcel" name="setdata" time="2.889"/>
  <system-out/>
</testsuite> <!-- request.postwithexcel -->
