<?xml version="1.0" encoding="UTF-8"?>
<!-- Generated by org.testng.reporters.JUnitReportReporter -->
<testsuite hostname="LAPTOP-A3F9S563" failures="0" tests="1" name="request.Post" time="3.051" errors="0" timestamp="2020-12-30T15:34:23 IST" skipped="0">
  <testcase classname="request.Post" name="checkpost" time="3.051"/>
  <system-out/>
</testsuite> <!-- request.Post -->
