<?xml version="1.0" encoding="UTF-8"?>
<!-- Generated by org.testng.reporters.JUnitReportReporter -->
<testsuite hostname="LAPTOP-A3F9S563" failures="0" tests="1" name="request.update" time="0.727" errors="0" timestamp="2020-11-22T15:39:03 IST" skipped="0">
  <testcase classname="request.update" name="update" time="0.727"/>
  <system-out/>
</testsuite> <!-- request.update -->
