<?xml version="1.0" encoding="UTF-8"?>
<!-- Generated by org.testng.reporters.JUnitReportReporter -->
<testsuite hostname="LAPTOP-A3F9S563" failures="0" tests="2" name="request.VerifyList" time="1.571" errors="0" timestamp="2021-02-28T11:54:32 IST" skipped="0">
  <testcase classname="request.VerifyList" name="verifycodes" time="1.008"/>
  <system-out/>
  <testcase classname="request.VerifyList" name="verifydata" time="0.563"/>
  <system-out/>
</testsuite> <!-- request.VerifyList -->
